<?xml version="1.0" encoding="UTF-8"?>
<!-- Generated by org.testng.reporters.JUnitReportReporter -->
<testsuite skipped="0" hostname="WLW10-PRATYUSS" name="functionTesting.PostRequestAutomation" tests="1" failures="0" timestamp="2020-08-23T20:49:46 IST" time="10.524" errors="0">
  <testcase name="postRequestAutomation" time="10.524" classname="functionTesting.PostRequestAutomation"/>
  <system-out/>
</testsuite> <!-- functionTesting.PostRequestAutomation -->
