<?xml version="1.0" encoding="UTF-8"?>
<!-- Generated by org.testng.reporters.JUnitReportReporter -->
<testsuite skipped="0" hostname="WLW10-PRATYUSS" name="studentAPITest.LoginTest" tests="1" failures="0" timestamp="2020-08-30T17:45:49 IST" time="0.021" errors="0">
  <testcase name="loginTest" time="0.021" classname="studentAPITest.LoginTest"/>
  <system-out/>
</testsuite> <!-- studentAPITest.LoginTest -->
