<?xml version="1.0" encoding="UTF-8"?>
<!-- Generated by org.testng.reporters.JUnitReportReporter -->
<testsuite skipped="0" hostname="WLW10-PRATYUSS" name="studentAPITest.GetAPITests" tests="1" failures="0" timestamp="2020-08-30T12:53:38 IST" time="9.553" errors="0">
  <testcase name="getAPITest" time="9.553" classname="studentAPITest.GetAPITests"/>
  <system-out/>
</testsuite> <!-- studentAPITest.GetAPITests -->
