<?xml version="1.0" encoding="UTF-8"?>
<!-- Generated by org.testng.reporters.JUnitReportReporter -->
<testsuite skipped="0" hostname="WLW10-PRATYUSS" name="studentAPITest.PostAPITest" tests="1" failures="0" timestamp="2020-08-30T16:54:45 IST" time="1.976" errors="0">
  <testcase name="validPostApiTest" time="1.976" classname="studentAPITest.PostAPITest"/>
  <system-out/>
</testsuite> <!-- studentAPITest.PostAPITest -->
