<?xml version="1.0" encoding="UTF-8"?>
<!-- Generated by org.testng.reporters.JUnitReportReporter -->
<testsuite skipped="0" hostname="WLW10-PRATYUSS" name="studentAPITest.SerTest" tests="1" failures="0" timestamp="2020-08-30T17:22:44 IST" time="1.942" errors="0">
  <testcase name="serTest1" time="1.942" classname="studentAPITest.SerTest"/>
  <system-out/>
</testsuite> <!-- studentAPITest.SerTest -->
