<?xml version="1.0" encoding="UTF-8"?>
<!-- Generated by org.testng.reporters.JUnitReportReporter -->
<testsuite skipped="0" hostname="WLW10-PRATYUSS" name="baseTests.BaseTest" tests="1" failures="0" timestamp="2020-08-26T00:14:10 IST" time="0.036" errors="0">
  <testcase name="utilsTest" time="0.036" classname="baseTests.BaseTest"/>
  <system-out/>
</testsuite> <!-- baseTests.BaseTest -->
