<?xml version="1.0" encoding="UTF-8"?>
<!-- Generated by org.testng.reporters.JUnitReportReporter -->
<testsuite skipped="0" hostname="WLW10-PRATYUSS" name="deserializingTest.DeserializingTest" tests="1" failures="0" timestamp="2020-09-18T00:13:43 IST" time="21.651" errors="0">
  <testcase name="deserTest" time="21.651" classname="deserializingTest.DeserializingTest"/>
  <system-out/>
</testsuite> <!-- deserializingTest.DeserializingTest -->
