<?xml version="1.0" encoding="UTF-8"?>
<!-- Generated by org.testng.reporters.JUnitReportReporter -->
<testsuite skipped="0" hostname="WLW10-PRATYUSS" name="functionTesting.GetRequestAutomation" tests="1" failures="0" timestamp="2020-08-23T18:18:46 IST" time="4.819" errors="0">
  <testcase name="getRequestAutomation" time="4.819" classname="functionTesting.GetRequestAutomation"/>
  <system-out/>
</testsuite> <!-- functionTesting.GetRequestAutomation -->
